<?xml version="1.0" encoding="UTF-8" ?>
<testsuite errors="0" failures="0" hostname="MacBook-Pro-38.local" name="tests.Tests" skipped="0" tests="3" time="0.029" timestamp="2023-06-08T19:45:38">
  <properties>
[...]
</properties>
  <testcase classname="tests.Tests" name="testCache" time="0.003" />
  <testcase classname="tests.Tests" name="testA" time="0.0" />
  <testcase classname="tests.Tests" name="testX" time="0.0" />
  <system-out><![CDATA[]]></system-out>
  <system-err><![CDATA[]]></system-err>
</testsuite>
